<?xml version="1.0" encoding="UTF-8"?>
<testng-results skipped="0" failed="0" total="1" passed="1">
  <reporter-output>
  </reporter-output>
  <suite name="Default suite" duration-ms="52129" started-at="2020-07-29T10:17:57Z" finished-at="2020-07-29T10:18:49Z">
    <groups>
    </groups>
    <test name="Default test" duration-ms="52129" started-at="2020-07-29T10:17:57Z" finished-at="2020-07-29T10:18:49Z">
      <class name="com.sarafu.base.TestBase">
        <test-method status="PASS" signature="initialisation()[pri:0, instance:com.sarafu.base.TestBase@3bfdc050]" name="initialisation" duration-ms="52087" started-at="2020-07-29T15:47:57Z" finished-at="2020-07-29T15:48:49Z">
          <reporter-output>
          </reporter-output>
        </test-method> <!-- initialisation -->
      </class> <!-- com.sarafu.base.TestBase -->
    </test> <!-- Default test -->
  </suite> <!-- Default suite -->
</testng-results>
